<?xml version="1.0" encoding="UTF-8"?>
<!-- Generated by org.testng.reporters.JUnitReportReporter -->
<testsuite hostname="sonu" failures="0" tests="1" name="easy.ValidateNavigationBar" time="75.723" errors="0" timestamp="2021-12-14T15:37:36 IST" skipped="0">
  <testcase classname="easy.ValidateNavigationBar" name="ValidateNavBar" time="75.723"/>
  <system-out/>
</testsuite> <!-- easy.ValidateNavigationBar -->
