<?xml version="1.0" encoding="UTF-8"?>
<!-- Generated by org.testng.reporters.JUnitReportReporter -->
<testsuite hostname="sonu" failures="0" tests="2" name="easy.loginPageTest" time="8.464" errors="0" timestamp="2021-12-12T19:46:18 IST" skipped="0">
  <testcase classname="easy.loginPageTest" name="checkLogin" time="5.940"/>
  <system-out/>
  <testcase classname="easy.loginPageTest" name="checkLogin" time="2.524"/>
  <system-out/>
</testsuite> <!-- easy.loginPageTest -->
