<?xml version="1.0" encoding="UTF-8"?>
<!-- Generated by org.testng.reporters.JUnitReportReporter -->
<testsuite hostname="sonu" failures="0" tests="2" name="easy.HomePage" time="11.196" errors="0" timestamp="2021-12-14T15:37:36 IST" skipped="0">
  <testcase classname="easy.HomePage" name="basePageNavigation" time="6.777"/>
  <system-out/>
  <testcase classname="easy.HomePage" name="basePageNavigation" time="4.419"/>
  <system-out/>
</testsuite> <!-- easy.HomePage -->
