<?xml version="1.0" encoding="UTF-8"?>
<!-- Generated by org.testng.reporters.JUnitReportReporter -->
<testsuite hostname="sonu" failures="0" tests="2" name="easy.HomePage" time="7.451" errors="0" timestamp="2021-12-13T20:27:14 IST" skipped="0">
  <testcase classname="easy.HomePage" name="basePageNavigation" time="3.031"/>
  <system-out/>
  <testcase classname="easy.HomePage" name="basePageNavigation" time="4.420"/>
  <system-out/>
</testsuite> <!-- easy.HomePage -->
