<?xml version="1.0" encoding="UTF-8"?>
<!-- Generated by org.testng.reporters.JUnitReportReporter -->
<testsuite hostname="sonu" failures="0" tests="1" name="easy.ValidateNavigationBar" time="26.155" errors="0" timestamp="2021-12-13T20:27:14 IST" skipped="0">
  <testcase classname="easy.ValidateNavigationBar" name="ValidateNavBar" time="26.155"/>
  <system-out/>
</testsuite> <!-- easy.ValidateNavigationBar -->
